[    0.000000] Linux version 4.15.0-212-generic (buildd@lcy02-amd64-083) (gcc version 7.5.0 (Ubuntu 7.5.0-3ubuntu1~18.04)) #223-Ubuntu SMP Tue May 23 13:09:22 UTC 2023 (Ubuntu 4.15.0-212.223-generic 4.15.18)
[    0.000000] Command line: BOOT_IMAGE=/boot/vmlinuz-4.15.0-212-generic root=LABEL=cloudimg-rootfs ro console=tty1 console=ttyS0
[    0.000000] KERNEL supported cpus:
[    0.000000]   Intel GenuineIntel
[    0.000000]   AMD AuthenticAMD
[    0.000000]   Centaur CentaurHauls
[    0.000000] x86/fpu: Supporting XSAVE feature 0x001: 'x87 floating point registers'
[    0.000000] x86/fpu: Supporting XSAVE feature 0x002: 'SSE registers'
[    0.000000] x86/fpu: Supporting XSAVE feature 0x004: 'AVX registers'
[    0.000000] x86/fpu: xstate_offset[2]:  576, xstate_sizes[2]:  256
[    0.000000] x86/fpu: Enabled xstate features 0x7, context size is 832 bytes, using 'standard' format.
[    0.000000] e820: BIOS-provided physical RAM map:
[    0.000000] BIOS-e820: [mem 0x0000000000000000-0x000000000009fbff] usable
[    0.000000] BIOS-e820: [mem 0x000000000009fc00-0x000000000009ffff] reserved
[    0.000000] BIOS-e820: [mem 0x00000000000f0000-0x00000000000fffff] reserved
[    0.000000] BIOS-e820: [mem 0x0000000000100000-0x000000003ffeffff] usable
[    0.000000] BIOS-e820: [mem 0x000000003fff0000-0x000000003fffffff] ACPI data
[    0.000000] BIOS-e820: [mem 0x00000000fec00000-0x00000000fec00fff] reserved
[    0.000000] BIOS-e820: [mem 0x00000000fee00000-0x00000000fee00fff] reserved
[    0.000000] BIOS-e820: [mem 0x00000000fffc0000-0x00000000ffffffff] reserved
[    0.000000] NX (Execute Disable) protection: active
[    0.000000] SMBIOS 2.5 present.
[    0.000000] DMI: innotek GmbH VirtualBox/VirtualBox, BIOS VirtualBox 12/01/2006
[    0.000000] Hypervisor detected: KVM
[    0.000000] e820: last_pfn = 0x3fff0 max_arch_pfn = 0x400000000
[    0.000000] MTRR: Disabled
[    0.000000] x86/PAT: MTRRs disabled, skipping PAT initialization too.
[    0.000000] CPU MTRRs all blank - virtualized system.
[    0.000000] x86/PAT: Configuration [0-7]: WB  WT  UC- UC  WB  WT  UC- UC  
[    0.000000] found SMP MP-table at [mem 0x0009fff0-0x0009ffff]
[    0.000000] Scanning 1 areas for low memory corruption
[    0.000000] RAMDISK: [mem 0x359cb000-0x36cdcfff]
[    0.000000] ACPI: Early table checksum verification disabled
[    0.000000] ACPI: RSDP 0x00000000000E0000 000024 (v02 VBOX  )
[    0.000000] ACPI: XSDT 0x000000003FFF0030 00003C (v01 VBOX   VBOXXSDT 00000001 ASL  00000061)
[    0.000000] ACPI: FACP 0x000000003FFF00F0 0000F4 (v04 VBOX   VBOXFACP 00000001 ASL  00000061)
[    0.000000] ACPI: DSDT 0x000000003FFF0470 002325 (v02 VBOX   VBOXBIOS 00000002 INTL 20200925)
[    0.000000] ACPI: FACS 0x000000003FFF0200 000040
[    0.000000] ACPI: FACS 0x000000003FFF0200 000040
[    0.000000] ACPI: APIC 0x000000003FFF0240 00005C (v02 VBOX   VBOXAPIC 00000001 ASL  00000061)
[    0.000000] ACPI: SSDT 0x000000003FFF02A0 0001CC (v01 VBOX   VBOXCPUT 00000002 INTL 20200925)
[    0.000000] ACPI: Reserving FACP table memory at [mem 0x3fff00f0-0x3fff01e3]
[    0.000000] ACPI: Reserving DSDT table memory at [mem 0x3fff0470-0x3fff2794]
[    0.000000] ACPI: Reserving FACS table memory at [mem 0x3fff0200-0x3fff023f]
[    0.000000] ACPI: Reserving FACS table memory at [mem 0x3fff0200-0x3fff023f]
[    0.000000] ACPI: Reserving APIC table memory at [mem 0x3fff0240-0x3fff029b]
[    0.000000] ACPI: Reserving SSDT table memory at [mem 0x3fff02a0-0x3fff046b]
[    0.000000] No NUMA configuration found
[    0.000000] Faking a node at [mem 0x0000000000000000-0x000000003ffeffff]
[    0.000000] NODE_DATA(0) allocated [mem 0x3ffc5000-0x3ffeffff]
[    0.000000] kvm-clock: cpu 0, msr 0:3ff44001, primary cpu clock
[    0.000000] kvm-clock: Using msrs 4b564d01 and 4b564d00
[    0.000000] kvm-clock: using sched offset of 3954037163 cycles
[    0.000000] clocksource: kvm-clock: mask: 0xffffffffffffffff max_cycles: 0x1cd42e4dffb, max_idle_ns: 881590591483 ns
[    0.000000] Zone ranges:
[    0.000000]   DMA      [mem 0x0000000000001000-0x0000000000ffffff]
[    0.000000]   DMA32    [mem 0x0000000001000000-0x000000003ffeffff]
[    0.000000]   Normal   empty
[    0.000000]   Device   empty
[    0.000000] Movable zone start for each node
[    0.000000] Early memory node ranges
[    0.000000]   node   0: [mem 0x0000000000001000-0x000000000009efff]
[    0.000000]   node   0: [mem 0x0000000000100000-0x000000003ffeffff]
[    0.000000] Reserved but unavailable: 104 pages
[    0.000000] Initmem setup node 0 [mem 0x0000000000001000-0x000000003ffeffff]
[    0.000000] ACPI: PM-Timer IO Port: 0x4008
[    0.000000] IOAPIC[0]: apic_id 2, version 32, address 0xfec00000, GSI 0-23
[    0.000000] ACPI: INT_SRC_OVR (bus 0 bus_irq 0 global_irq 2 dfl dfl)
[    0.000000] ACPI: INT_SRC_OVR (bus 0 bus_irq 9 global_irq 9 low level)
[    0.000000] Using ACPI (MADT) for SMP configuration information
[    0.000000] smpboot: Allowing 2 CPUs, 0 hotplug CPUs
[    0.000000] PM: Registered nosave memory: [mem 0x00000000-0x00000fff]
[    0.000000] PM: Registered nosave memory: [mem 0x0009f000-0x0009ffff]
[    0.000000] PM: Registered nosave memory: [mem 0x000a0000-0x000effff]
[    0.000000] PM: Registered nosave memory: [mem 0x000f0000-0x000fffff]
[    0.000000] e820: [mem 0x40000000-0xfebfffff] available for PCI devices
[    0.000000] Booting paravirtualized kernel on KVM
[    0.000000] clocksource: refined-jiffies: mask: 0xffffffff max_cycles: 0xffffffff, max_idle_ns: 7645519600211568 ns
[    0.000000] setup_percpu: NR_CPUS:8192 nr_cpumask_bits:2 nr_cpu_ids:2 nr_node_ids:1
[    0.000000] percpu: Embedded 50 pages/cpu s167936 r8192 d28672 u1048576
[    0.000000] PV qspinlock hash table entries: 256 (order: 0, 4096 bytes)
[    0.000000] Built 1 zonelists, mobility grouping on.  Total pages: 257913
[    0.000000] Policy zone: DMA32
[    0.000000] Kernel command line: BOOT_IMAGE=/boot/vmlinuz-4.15.0-212-generic root=LABEL=cloudimg-rootfs ro console=tty1 console=ttyS0
[    0.000000] Memory: 982644K/1048120K available (12300K kernel code, 2477K rwdata, 4324K rodata, 2480K init, 2720K bss, 65476K reserved, 0K cma-reserved)
[    0.000000] SLUB: HWalign=64, Order=0-3, MinObjects=0, CPUs=2, Nodes=1
[    0.000000] Kernel/User page tables isolation: enabled
[    0.000000] ftrace: allocating 39508 entries in 155 pages
[    0.004000] Hierarchical RCU implementation.
[    0.004000] 	RCU restricting CPUs from NR_CPUS=8192 to nr_cpu_ids=2.
[    0.004000] 	Tasks RCU enabled.
[    0.004000] RCU: Adjusting geometry for rcu_fanout_leaf=16, nr_cpu_ids=2
[    0.004000] NR_IRQS: 524544, nr_irqs: 440, preallocated irqs: 16
[    0.004000] random: crng init done
[    0.004000] Console: colour VGA+ 80x25
[    0.004000] console [tty1] enabled
[    0.004000] console [ttyS0] enabled
[    0.004000] ACPI: Core revision 20170831
[    0.004000] ACPI: 2 ACPI AML tables successfully acquired and loaded
[    0.004000] APIC: Switch to symmetric I/O mode setup
[    0.004000] x2apic enabled
[    0.004000] Switched APIC routing to physical x2apic.
[    0.005962] ..TIMER: vector=0x30 apic1=0 pin1=2 apic2=-1 pin2=-1
[    0.008008] tsc: Detected 2495.990 MHz processor
[    0.009673] Calibrating delay loop (skipped) preset value.. 4991.98 BogoMIPS (lpj=9983960)
[    0.012008] pid_max: default: 32768 minimum: 301
[    0.016047] Security Framework initialized
[    0.017776] Yama: becoming mindful.
[    0.019125] AppArmor: AppArmor initialized
[    0.020977] Dentry cache hash table entries: 131072 (order: 8, 1048576 bytes)
[    0.024075] Inode-cache hash table entries: 65536 (order: 7, 524288 bytes)
[    0.028036] Mount-cache hash table entries: 2048 (order: 2, 16384 bytes)
[    0.030458] Mountpoint-cache hash table entries: 2048 (order: 2, 16384 bytes)
[    0.032435] Last level iTLB entries: 4KB 64, 2MB 8, 4MB 8
[    0.036008] Last level dTLB entries: 4KB 64, 2MB 0, 4MB 0, 1GB 4
[    0.037816] Spectre V1 : Mitigation: usercopy/swapgs barriers and __user pointer sanitization
[    0.040008] Spectre V2 : Mitigation: Retpolines
[    0.041186] Spectre V2 : Spectre v2 / SpectreRSB mitigation: Filling RSB on context switch
[    0.044007] Spectre V2 : Spectre v2 / SpectreRSB : Filling RSB on VMEXIT
[    0.046089] RETBleed: WARNING: Spectre v2 mitigation leaves CPU vulnerable to RETBleed attacks, data leaks possible!
[    0.048007] RETBleed: Vulnerable
[    0.052006] Speculative Store Bypass: Vulnerable
[    0.053379] MDS: Mitigation: Clear CPU buffers
[    0.054609] MMIO Stale Data: Mitigation: Clear CPU buffers
[    0.056010] SRBDS: Unknown: Dependent on hypervisor status
[    0.058053] Freeing SMP alternatives memory: 36K
[    0.172459] smpboot: CPU0: Intel(R) Core(TM) i5-6300U CPU @ 2.40GHz (family: 0x6, model: 0x4e, stepping: 0x3)
[    0.175452] Performance Events: unsupported p6 CPU model 78 no PMU driver, software events only.
[    0.176078] Hierarchical SRCU implementation.
[    0.180043] NMI watchdog: Perf event create on CPU 0 failed with -2
[    0.184008] NMI watchdog: Perf NMI watchdog permanently disabled
[    0.186139] smp: Bringing up secondary CPUs ...
[    0.188190] x86: Booting SMP configuration:
[    0.190782] .... node  #0, CPUs:      #1
[    0.004000] kvm-clock: cpu 1, msr 0:3ff44041, secondary cpu clock
[    0.196029] smp: Brought up 1 node, 2 CPUs
[    0.197267] smpboot: Max logical packages: 1
[    0.198512] smpboot: Total of 2 processors activated (9983.96 BogoMIPS)
[    0.200270] devtmpfs: initialized
[    0.204113] x86/mm: Memory block size: 128MB
[    0.206131] evm: security.selinux
[    0.207297] evm: security.SMACK64
[    0.208013] evm: security.SMACK64EXEC
[    0.209200] evm: security.SMACK64TRANSMUTE
[    0.210612] evm: security.SMACK64MMAP
[    0.212006] evm: security.apparmor
[    0.213327] evm: security.ima
[    0.214345] evm: security.capability
[    0.216172] clocksource: jiffies: mask: 0xffffffff max_cycles: 0xffffffff, max_idle_ns: 7645041785100000 ns
[    0.220037] futex hash table entries: 512 (order: 3, 32768 bytes)
[    0.222261] pinctrl core: initialized pinctrl subsystem
[    0.224910] RTC time: 10:34:10, date: 08/26/23
[    0.226497] NET: Registered protocol family 16
[    0.228133] audit: initializing netlink subsys (disabled)
[    0.230041] audit: type=2000 audit(1693046055.605:1): state=initialized audit_enabled=0 res=1
[    0.232800] cpuidle: using governor ladder
[    0.236026] cpuidle: using governor menu
[    0.240100] ACPI: bus type PCI registered
[    0.243768] acpiphp: ACPI Hot Plug PCI Controller Driver version: 0.5
[    0.244194] PCI: Using configuration type 1 for base access
[    0.250020] HugeTLB registered 2.00 MiB page size, pre-allocated 0 pages
[    0.252112] ACPI: Added _OSI(Module Device)
[    0.256013] ACPI: Added _OSI(Processor Device)
[    0.257484] ACPI: Added _OSI(3.0 _SCP Extensions)
[    0.260033] ACPI: Added _OSI(Processor Aggregator Device)
[    0.261964] ACPI: Added _OSI(Linux-Dell-Video)
[    0.264012] ACPI: Added _OSI(Linux-Lenovo-NV-HDMI-Audio)
[    0.265826] ACPI: Added _OSI(Linux-HPI-Hybrid-Graphics)
[    0.268475] ACPI: Executed 1 blocks of module-level executable AML code
[    0.276040] ACPI: Interpreter enabled
[    0.277811] ACPI: (supports S0 S5)
[    0.279151] ACPI: Using IOAPIC for interrupt routing
[    0.280512] PCI: Using host bridge windows from ACPI; if necessary, use "pci=nocrs" and report a bug
[    0.284240] ACPI: Enabled 2 GPEs in block 00 to 07
[    0.295969] ACPI: PCI Root Bridge [PCI0] (domain 0000 [bus 00-ff])
[    0.297971] acpi PNP0A03:00: _OSC: OS supports [ASPM ClockPM Segments MSI]
[    0.301160] acpi PNP0A03:00: _OSC: not requesting OS control; OS requires [ExtendedConfig ASPM ClockPM MSI]
[    0.304032] acpi PNP0A03:00: fail to add MMCONFIG information, can't access extended PCI configuration space under this bridge.
[    0.312447] PCI host bridge to bus 0000:00
[    0.315776] pci_bus 0000:00: root bus resource [io  0x0000-0x0cf7 window]
[    0.316006] pci_bus 0000:00: root bus resource [io  0x0d00-0xffff window]
[    0.318002] pci_bus 0000:00: root bus resource [mem 0x000a0000-0x000bffff window]
[    0.320008] pci_bus 0000:00: root bus resource [mem 0x40000000-0xfdffffff window]
[    0.324010] pci_bus 0000:00: root bus resource [bus 00-ff]
[    0.329903] pci 0000:00:01.1: legacy IDE quirk: reg 0x10: [io  0x01f0-0x01f7]
[    0.332008] pci 0000:00:01.1: legacy IDE quirk: reg 0x14: [io  0x03f6]
[    0.336012] pci 0000:00:01.1: legacy IDE quirk: reg 0x18: [io  0x0170-0x0177]
[    0.338536] pci 0000:00:01.1: legacy IDE quirk: reg 0x1c: [io  0x0376]
[    0.366291] pci 0000:00:07.0: quirk: [io  0x4000-0x403f] claimed by PIIX4 ACPI
[    0.368041] pci 0000:00:07.0: quirk: [io  0x4100-0x410f] claimed by PIIX4 SMB
[    0.389775] ACPI: PCI Interrupt Link [LNKA] (IRQs 5 9 10 *11)
[    0.392528] ACPI: PCI Interrupt Link [LNKB] (IRQs 5 9 *10 11)
[    0.394994] ACPI: PCI Interrupt Link [LNKC] (IRQs 5 *9 10 11)
[    0.396231] ACPI: PCI Interrupt Link [LNKD] (IRQs 5 9 10 *11)
[    0.400097] SCSI subsystem initialized
[    0.401342] pci 0000:00:02.0: vgaarb: setting as boot VGA device
[    0.401860] pci 0000:00:02.0: vgaarb: VGA device added: decodes=io+mem,owns=io+mem,locks=none
[    0.404014] pci 0000:00:02.0: vgaarb: bridge control possible
[    0.408008] vgaarb: loaded
[    0.409061] ACPI: bus type USB registered
[    0.410392] usbcore: registered new interface driver usbfs
[    0.412030] usbcore: registered new interface driver hub
[    0.413752] usbcore: registered new device driver usb
[    0.415518] EDAC MC: Ver: 3.0.0
[    0.416330] PCI: Using ACPI for IRQ routing
[    0.417639] NetLabel: Initializing
[    0.420012] NetLabel:  domain hash size = 128
[    0.421592] NetLabel:  protocols = UNLABELED CIPSOv4 CALIPSO
[    0.424081] NetLabel:  unlabeled traffic allowed by default
[    0.425587] clocksource: Switched to clocksource kvm-clock
[    0.442089] VFS: Disk quotas dquot_6.6.0
[    0.443443] VFS: Dquot-cache hash table entries: 512 (order 0, 4096 bytes)
[    0.445976] AppArmor: AppArmor Filesystem Enabled
[    0.447384] pnp: PnP ACPI init
[    0.450484] pnp: PnP ACPI: found 3 devices
[    0.463061] clocksource: acpi_pm: mask: 0xffffff max_cycles: 0xffffff, max_idle_ns: 2085701024 ns
[    0.465411] NET: Registered protocol family 2
[    0.470823] IP idents hash table entries: 16384 (order: 5, 131072 bytes)
[    0.474835] TCP established hash table entries: 8192 (order: 4, 65536 bytes)
[    0.477156] TCP bind hash table entries: 8192 (order: 5, 131072 bytes)
[    0.478923] TCP: Hash tables configured (established 8192 bind 8192)
[    0.480660] UDP hash table entries: 512 (order: 2, 16384 bytes)
[    0.482132] UDP-Lite hash table entries: 512 (order: 2, 16384 bytes)
[    0.485280] NET: Registered protocol family 1
[    0.487317] pci 0000:00:00.0: Limiting direct PCI/PCI transfers
[    0.490025] pci 0000:00:01.0: Activating ISA DMA hang workarounds
[    0.492078] pci 0000:00:02.0: Video device with shadowed ROM at [mem 0x000c0000-0x000dffff]
[    0.494995] Unpacking initramfs...
[    0.903886] Freeing initrd memory: 19528K
[    0.906338] clocksource: tsc: mask: 0xffffffffffffffff max_cycles: 0x23fa6db1dfc, max_idle_ns: 440795265852 ns
[    0.909847] platform rtc_cmos: registered platform RTC device (no PNP device found)
[    0.912564] Scanning for low memory corruption every 60 seconds
[    0.915336] Initialise system trusted keyrings
[    0.916813] Key type blacklist registered
[    0.918592] workingset: timestamp_bits=36 max_order=18 bucket_order=0
[    0.923002] zbud: loaded
[    0.925234] squashfs: version 4.0 (2009/01/31) Phillip Lougher
[    0.927600] fuse init (API version 7.26)
[    0.931526] Key type asymmetric registered
[    0.932896] Asymmetric key parser 'x509' registered
[    0.934267] Block layer SCSI generic (bsg) driver version 0.4 loaded (major 246)
[    0.936200] io scheduler noop registered
[    0.937667] io scheduler deadline registered
[    0.940177] io scheduler cfq registered (default)
[    0.943526] ACPI: AC Adapter [AC] (on-line)
[    0.946025] input: Power Button as /devices/LNXSYSTM:00/LNXPWRBN:00/input/input0
[    0.948608] ACPI: Power Button [PWRF]
[    0.950029] input: Sleep Button as /devices/LNXSYSTM:00/LNXSLPBN:00/input/input1
[    0.951889] ACPI: Sleep Button [SLPF]
[    0.953459] Serial: 8250/16550 driver, 32 ports, IRQ sharing enabled
[    0.954749] ACPI: Battery Slot [BAT0] (battery present)
[    0.979738] 00:02: ttyS0 at I/O 0x3f8 (irq = 4, base_baud = 115200) is a 16550A
[    0.984204] Linux agpgart interface v0.103
[    0.987731] loop: module loaded
[    0.989623] scsi host0: ata_piix
[    0.990877] scsi host1: ata_piix
[    0.991982] ata1: PATA max UDMA/33 cmd 0x1f0 ctl 0x3f6 bmdma 0xd000 irq 14
[    0.996010] ata2: PATA max UDMA/33 cmd 0x170 ctl 0x376 bmdma 0xd008 irq 15
[    0.999488] tun: Universal TUN/TAP device driver, 1.6
[    1.001840] PPP generic driver version 2.4.2
[    1.003326] ehci_hcd: USB 2.0 'Enhanced' Host Controller (EHCI) Driver
[    1.005484] ehci-pci: EHCI PCI platform driver
[    1.007014] ehci-platform: EHCI generic platform driver
[    1.010137] ohci_hcd: USB 1.1 'Open' Host Controller (OHCI) Driver
[    1.012258] ohci-pci: OHCI PCI platform driver
[    1.013726] ohci-platform: OHCI generic platform driver
[    1.015552] uhci_hcd: USB Universal Host Controller Interface driver
[    1.017930] i8042: PNP: PS/2 Controller [PNP0303:PS2K,PNP0f03:PS2M] at 0x60,0x64 irq 1,12
[    1.021378] serio: i8042 KBD port at 0x60,0x64 irq 1
[    1.023442] serio: i8042 AUX port at 0x60,0x64 irq 12
[    1.025327] mousedev: PS/2 mouse device common for all mice
[    1.027831] input: AT Translated Set 2 keyboard as /devices/platform/i8042/serio0/input/input2
[    1.031878] rtc_cmos rtc_cmos: rtc core: registered rtc_cmos as rtc0
[    1.034034] rtc_cmos rtc_cmos: alarms up to one day, 114 bytes nvram
[    1.035948] i2c /dev entries driver
[    1.037119] device-mapper: uevent: version 1.0.3
[    1.038630] device-mapper: ioctl: 4.37.0-ioctl (2017-09-20) initialised: dm-devel@redhat.com
[    1.042867] ledtrig-cpu: registered to indicate activity on CPUs
[    1.050263] NET: Registered protocol family 10
[    1.057798] Segment Routing with IPv6
[    1.059134] NET: Registered protocol family 17
[    1.060873] Key type dns_resolver registered
[    1.062850] mce: Using 0 MCE banks
[    1.065818] RAS: Correctable Errors collector initialized.
[    1.067408] sched_clock: Marking stable (1065756875, 0)->(1383900872, -318143997)
[    1.072614] registered taskstats version 1
[    1.074679] Loading compiled-in X.509 certificates
[    1.080456] Loaded X.509 cert 'Build time autogenerated kernel key: b5b26778eaa3ab3a4a6cee031137706e947d12ad'
[    1.084137] Loaded X.509 cert 'Canonical Ltd. Live Patch Signing: 14df34d1a87cf37625abec039ef2bf521249b969'
[    1.089407] Loaded X.509 cert 'Canonical Ltd. Kernel Module Signing: 88f752e560a1e0737e31163a466ad7b70a850c19'
[    1.095580] blacklist: Loading compiled-in revocation X.509 certificates
[    1.098212] Loaded X.509 cert 'Canonical Ltd. Secure Boot Signing: 61482aa2830d0ab2ad5af10b7250da9033ddcef0'
[    1.101948] Loaded X.509 cert 'Canonical Ltd. Secure Boot Signing (2017): 242ade75ac4a15e50d50c84b0d45ff3eae707a03'
[    1.106766] Loaded X.509 cert 'Canonical Ltd. Secure Boot Signing (ESM 2018): 365188c1d374d6b07c3c8f240f8ef722433d6a8b'
[    1.111427] Loaded X.509 cert 'Canonical Ltd. Secure Boot Signing (2019): c0746fd6c5da3ae827864651ad66ae47fe24b3e8'
[    1.115920] Loaded X.509 cert 'Canonical Ltd. Secure Boot Signing (2021 v1): a8d54bbb3825cfb94fa13c9f8a594a195c107b8d'
[    1.119271] Loaded X.509 cert 'Canonical Ltd. Secure Boot Signing (2021 v2): 4cf046892d6fd3c9a5b03f98d845f90851dc6a8c'
[    1.122922] Loaded X.509 cert 'Canonical Ltd. Secure Boot Signing (2021 v3): 100437bb6de6e469b581e61cd66bce3ef4ed53af'
[    1.129532] Loaded X.509 cert 'Canonical Ltd. Secure Boot Signing (Ubuntu Core 2019): c1d57b8f6b743f23ee41f4f7ee292f06eecadfb9'
[    1.136212] zswap: loaded using pool lzo/zbud
[    1.142782] Key type big_key registered
[    1.144308] Key type trusted registered
[    1.150491] Key type encrypted registered
[    1.152132] AppArmor: AppArmor sha1 policy hashing enabled
[    1.153797] ima: No TPM chip found, activating TPM-bypass! (rc=-19)
[    1.155662] ima: Allocated hash algorithm: sha1
[    1.171802] evm: HMAC attrs: 0x1
[    1.173467]   Magic number: 3:57:579
[    1.174741] pci_bus 0000:00: hash matches
[    1.187898] rtc_cmos rtc_cmos: setting system clock to 2023-08-26 10:34:11 UTC (1693046051)
[    1.192599] BIOS EDD facility v0.16 2004-Jun-25, 0 devices found
[    1.196075] EDD information not available.
[    1.204743] Freeing unused kernel image memory: 2480K
[    1.220122] Write protecting the kernel read-only data: 20480k
[    1.222379] Freeing unused kernel image memory: 2008K
[    1.224853] Freeing unused kernel image memory: 1820K
[    1.238061] x86/mm: Checked W+X mappings: passed, no W+X pages found.
[    1.240609] x86/mm: Checking user space page tables
[    1.254291] x86/mm: Checked W+X mappings: passed, no W+X pages found.
Loading, please wait...
starting version 237
[    1.372887] Fusion MPT base driver 3.04.20
[    1.381723] Copyright (c) 1999-2008 LSI Corporation
[    1.383951] e1000: Intel(R) PRO/1000 Network Driver - version 7.3.21-k8-NAPI
[    1.386075] e1000: Copyright (c) 1999-2006 Intel Corporation.
[    1.427709] AVX2 version of gcm_enc/dec engaged.
[    1.431778] AES CTR mode by8 optimization enabled
[    1.478548] Fusion MPT SPI Host driver 3.04.20
[    1.618281] input: ImExPS/2 Generic Explorer Mouse as /devices/platform/i8042/serio1/input/input4
[    1.933787] e1000 0000:00:03.0 eth0: (PCI:33MHz:32-bit) 02:3b:7b:b7:3b:2d
[    1.940943] e1000 0000:00:03.0 eth0: Intel(R) PRO/1000 Network Connection
[    1.946872] mptbase: ioc0: Initiating bringup
[    2.044510] ioc0: LSI53C1030 A0: Capabilities={Initiator}
[    2.286604] scsi host2: ioc0: LSI53C1030 A0, FwRev=00000000h, Ports=1, MaxQ=256, IRQ=20
[    2.462606] scsi 2:0:0:0: Direct-Access     VBOX     HARDDISK         1.0  PQ: 0 ANSI: 5
[    2.705714] scsi target2:0:0: Beginning Domain Validation
[    2.739794] scsi target2:0:0: Domain Validation skipping write tests
[    2.741774] scsi target2:0:0: Ending Domain Validation
[    2.751837] scsi target2:0:0: asynchronous
[    2.761827] scsi 2:0:1:0: Direct-Access     VBOX     HARDDISK         1.0  PQ: 0 ANSI: 5
[    3.042544] scsi target2:0:1: Beginning Domain Validation
[    3.051559] scsi target2:0:1: Domain Validation skipping write tests
[    3.054742] scsi target2:0:1: Ending Domain Validation
[    3.056891] scsi target2:0:1: asynchronous
[    3.075265] sd 2:0:0:0: [sda] 83886080 512-byte logical blocks: (42.9 GB/40.0 GiB)
[    3.075356] sd 2:0:0:0: Attached scsi generic sg0 type 0
[    3.082893] sd 2:0:0:0: [sda] Write Protect is off
[    3.093541] sd 2:0:1:0: [sdb] 20480 512-byte logical blocks: (10.5 MB/10.0 MiB)
[    3.104432] sd 2:0:1:0: Attached scsi generic sg1 type 0
[    3.108923] sd 2:0:1:0: [sdb] Write Protect is off
[    3.109096] sd 2:0:0:0: [sda] Incomplete mode parameter data
[    3.115798] sd 2:0:0:0: [sda] Assuming drive cache: write through
[    3.117878] sd 2:0:1:0: [sdb] Incomplete mode parameter data
[    3.136680] e1000 0000:00:08.0 eth1: (PCI:33MHz:32-bit) 08:00:27:c8:22:9a
[    3.138471] sd 2:0:1:0: [sdb] Assuming drive cache: write through
[    3.140619] e1000 0000:00:08.0 eth1: Intel(R) PRO/1000 Network Connection
[    3.151568]  sda: sda1
[    3.156938] sd 2:0:0:0: [sda] Attached SCSI disk
[    3.166166] sd 2:0:1:0: [sdb] Attached SCSI disk
[    3.186138] e1000 0000:00:03.0 enp0s3: renamed from eth0
[    3.216612] e1000 0000:00:08.0 enp0s8: renamed from eth1
Begin: Loading essential drivers ... [    5.308626] raid6: sse2x1   gen()  8597 MB/s
[    5.368320] raid6: sse2x1   xor()  6288 MB/s
[    5.420566] raid6: sse2x2   gen() 10844 MB/s
[    5.476575] raid6: sse2x2   xor()  7764 MB/s
[    5.527939] raid6: sse2x4   gen() 10309 MB/s
[    5.576117] raid6: sse2x4   xor()  5161 MB/s
[    5.624239] raid6: avx2x1   gen() 10647 MB/s
[    5.672259] raid6: avx2x1   xor()  7534 MB/s
[    5.720199] raid6: avx2x2   gen() 14659 MB/s
[    5.768295] raid6: avx2x2   xor() 10107 MB/s
[    5.816373] raid6: avx2x4   gen() 18631 MB/s
[    5.864097] raid6: avx2x4   xor() 12037 MB/s
[    5.865714] raid6: using algorithm avx2x4 gen() 18631 MB/s
[    5.867674] raid6: .... xor() 12037 MB/s, rmw enabled
[    5.869327] raid6: using avx2x2 recovery algorithm
[    5.872178] xor: automatically using best checksumming function   avx       
[    5.875635] async_tx: api initialized (async)
done.
Begin: Running /scripts/init-premount ... done.
Begin: Mounting root file system ... Begin: Running /scripts/local-top ... done.
Begin: Running /scripts/local-premount ... [    5.952994] Btrfs loaded, crc32c=crc32c-intel
Scanning for Btrfs filesystems
done.
Warning: fsck not present, so skipping root file system
[    6.019890] EXT4-fs (sda1): mounted filesystem with ordered data mode. Opts: (null)
done.
Begin: Running /scripts/local-bottom ... done.
Begin: Running /scripts/init-bottom ... done.
[    6.316735] ip_tables: (C) 2000-2006 Netfilter Core Team
[    6.332335] systemd[1]: systemd 237 running in system mode. (+PAM +AUDIT +SELINUX +IMA +APPARMOR +SMACK +SYSVINIT +UTMP +LIBCRYPTSETUP +GCRYPT +GNUTLS +ACL +XZ +LZ4 +SECCOMP +BLKID +ELFUTILS +KMOD -IDN2 +IDN -PCRE2 default-hierarchy=hybrid)
[    6.340037] systemd[1]: Detected virtualization oracle.
[    6.341948] systemd[1]: Detected architecture x86-64.

Welcome to [1mUbuntu 18.04.6 LTS[0m!

[    6.350812] systemd[1]: Set hostname to <ubuntu>.
[    6.355621] systemd[1]: Initializing machine ID from random generator.
[    6.357852] systemd[1]: Installed transient /etc/machine-id file.
[    6.788240] systemd[1]: Reached target Swap.
[[0;32m  OK  [0m] Reached target Swap.
[    6.797253] systemd[1]: Created slice User and Session Slice.
[[0;32m  OK  [0m] Created slice User and Session Slice.
[    6.802709] systemd[1]: Started Forward Password Requests to Wall Directory Watch.
[[0;32m  OK  [0m] Started Forward Password Requests to Wall Directory Watch.
[    6.809825] systemd[1]: Reached target User and Group Name Lookups.
[[0;32m  OK  [0m] Reached target User and Group Name Lookups.
[[0;32m  OK  [0m] Reached target System Time Synchronized.
[[0;32m  OK  [0m] Created slice System Slice.
[[0;32m  OK  [0m] Listening on LVM2 metadata daemon socket.
[[0;32m  OK  [0m] Listening on Journal Socket.
         Starting Set the console keyboard layout...
         Mounting POSIX Message Queue File System...
[[0;32m  OK  [0m] Reached target Slices.
[[0;32m  OK  [0m] Listening on Journal Socket (/dev/log).
         Mounting Huge Pages File System...
[[0;32m  OK  [0m] Listening on Syslog Socket.
         Mounting Kernel Debug File System...
[[0;32m  OK  [0m] Listening on LVM2 poll daemon socket.
[[0;32m  OK  [0m] Listening on udev Control Socket.
         Starting Load Kernel Modules...
[[0;32m  OK  [0m] Listening on udev Kernel Socket.
[    6.916006] Loading iSCSI transport class v2.0-870.
         Starting udev Coldplug all Devices...
[[0;32m  OK  [0m] Listening on Journal Audit Socket.
         Starting Journal Service...
[[0;32m  OK  [0m] Listening on Network Service Netlink Socket.
[[0;32m  OK  [0m] Listening on Device-mapper event daemon FIFOs.
         Starting Monitoring of LVM2 mirrors…ng dmeventd or progress polling...
         Starting Create list of required st…ce nodes for the current kernel...
[[0;32m  OK  [0m] Set up automount Arbitrary Executab…rmats File System Automount Point.
[    6.983700] iscsi: registered transport (tcp)
[[0;32m  OK  [0m] Listening on fsck to fsckd communication Socket.
         Starting File System Check on Root Device...
         Starting Uncomplicated firewall...
[[0;32m  OK  [0m] Listening on /dev/initctl Compatibility Named Pipe.
[[0;32m  OK  [0m] Created slice system-serial\x2dgetty.slice.
[[0;32m  OK  [0m] Reached target Mounting snaps.
[[0;32m  OK  [0m] Reached target Mounted snaps.
[[0;32m  OK  [0m] Mounted POSIX Message Queue File System.
[[0;32m  OK  [0m] Mounted Huge Pages File System.
[[0;32m  OK  [0m] Mounted Kernel Debug File System.
[[0;32m  OK  [0m] Started Create list of required sta…vice nodes for the current kernel.
[[0;32m  OK  [0m] Started LVM2 metadata daemon.
         Starting Create Static Device Nodes in /dev...
[[0;32m  OK  [0m] Started Uncomplicated firewall.
[[0;32m  OK  [0m] Started File System Check Daemon to report status.
[[0;32m  OK  [0m] Started Journal Service.
[[0;32m  OK  [0m] Started udev Coldplug all Devices.
[[0;32m  OK  [0m] Started Create Static Device Nodes in /dev.
[    7.186238] iscsi: registered transport (iser)
[[0;32m  OK  [0m] Started Load Kernel Modules.
         Mounting FUSE Control File System...
         Mounting Kernel Configuration File System...
         Starting Apply Kernel Variables...
[[0;32m  OK  [0m] Started File System Check on Root Device.
[[0;32m  OK  [0m] Mounted FUSE Control File System.
[[0;32m  OK  [0m] Mounted Kernel Configuration File System.
         Starting Remount Root and Kernel File Systems...
[[0;32m  OK  [0m] Started Remount Root and Kernel File Systems.
[[0;32m  OK  [0m] Started Apply Kernel Variables.
         Starting udev Kernel Device Manager...
         Starting Load/Save Random Seed...
         Starting Flush Journal to Persistent Storage...
[[0;32m  OK  [0m] Started Monitoring of LVM2 mirrors,…sing dmeventd or progress polling.
[[0;32m  OK  [0m] Started udev Kernel Device Manager.
[[0;32m  OK  [0m] Started Load/Save Random Seed.
[[0;32m  OK  [0m] Started Flush Journal to Persistent Storage.
[[0;32m  OK  [0m] Found device /dev/ttyS0.
[[0;32m  OK  [0m] Listening on Load/Save RF Kill Switch Status /dev/rfkill Watch.
         Mounting Arbitrary Executable File Formats File System...
[[0;32m  OK  [0m] Mounted Arbitrary Executable File Formats File System.
[[0;32m  OK  [0m] Started Set the console keyboard layout.
[[0;32m  OK  [0m] Started Dispatch Password Requests to Console Directory Watch.
[[0;32m  OK  [0m] Reached target Local Encrypted Volumes.
[[0;32m  OK  [0m] Reached target Local File Systems (Pre).
[[0;32m  OK  [0m] Reached target Local File Systems.
         Starting Commit a transient machine-id on disk...
         Starting ebtables ruleset management...
         Starting Set console font and keymap...
         Starting AppArmor initialization...
         Starting Create Volatile Files and Directories...
         Starting Tell Plymouth To Write Out Runtime Data...
[[0;32m  OK  [0m] Started Tell Plymouth To Write Out Runtime Data.
[[0;32m  OK  [0m] Started Create Volatile Files and Directories.
         Starting Update UTMP about System Boot/Shutdown...
[[0;32m  OK  [0m] Started Update UTMP about System Boot/Shutdown.
[[0;32m  OK  [0m] Started Commit a transient machine-id on disk.
[[0;32m  OK  [0m] Started ebtables ruleset management.
[[0;32m  OK  [0m] Started Set console font and keymap.
[[0;32m  OK  [0m] Started AppArmor initialization.
         Starting Initial cloud-init job (pre-networking)...
         Starting Load AppArmor profiles managed internally by snapd...
[[0;32m  OK  [0m] Started Load AppArmor profiles managed internally by snapd.
[   14.655834] cloud-init[825]: Cloud-init v. 23.1.2-0ubuntu0~18.04.1 running 'init-local' at Sat, 26 Aug 2023 10:34:24 +0000. Up 13.91 seconds.
[[0;32m  OK  [0m] Started Initial cloud-init job (pre-networking).
[[0;32m  OK  [0m] Reached target Network (Pre).
         Starting Network Service...
[[0;32m  OK  [0m] Started Network Service.
         Starting Network Name Resolution...
         Starting Wait for Network to be Configured...
[[0;32m  OK  [0m] Started Network Name Resolution.
[[0;32m  OK  [0m] Reached target Network.
[[0;32m  OK  [0m] Reached target Host and Network Name Lookups.
[[0;32m  OK  [0m] Started Wait for Network to be Configured.
         Starting Initial cloud-init job (metadata service crawler)...
[   18.285284] cloud-init[941]: Cloud-init v. 23.1.2-0ubuntu0~18.04.1 running 'init' at Sat, 26 Aug 2023 10:34:28 +0000. Up 17.77 seconds.
[   18.296370] cloud-init[941]: ci-info: ++++++++++++++++++++++++++++++++++++++Net device info+++++++++++++++++++++++++++++++++++++++
[   18.317386] cloud-init[941]: ci-info: +--------+-------+----------------------------+---------------+--------+-------------------+
[   18.323856] cloud-init[941]: ci-info: | Device |   Up  |          Address           |      Mask     | Scope  |     Hw-Address    |
[   18.327008] cloud-init[941]: ci-info: +--------+-------+----------------------------+---------------+--------+-------------------+
[   18.347433] cloud-init[941]: ci-info: | enp0s3 |  True |         10.0.2.15          | 255.255.255.0 | global | 02:3b:7b:b7:3b:2d |
[   18.356114] cloud-init[941]: ci-info: | enp0s3 |  True | fe80::3b:7bff:feb7:3b2d/64 |       .       |  link  | 02:3b:7b:b7:3b:2d |
[   18.360852] cloud-init[941]: ci-info: | enp0s8 | False |             .              |       .       |   .    | 08:00:27:c8:22:9a |
[   18.370189] cloud-init[941]: ci-info: |   lo   |  True |         127.0.0.1          |   255.0.0.0   |  host  |         .         |
[   18.381194] cloud-init[941]: ci-info: |   lo   |  True |          ::1/128           |       .       |  host  |         .         |
[   18.387975] cloud-init[941]: ci-info: +--------+-------+----------------------------+---------------+--------+-------------------+
[   18.393938] cloud-init[941]: ci-info: ++++++++++++++++++++++++++++Route IPv4 info+++++++++++++++++++++++++++++
[   18.408416] cloud-init[941]: ci-info: +-------+-------------+----------+-----------------+-----------+-------+
[   18.413906] cloud-init[941]: ci-info: | Route | Destination | Gateway  |     Genmask     | Interface | Flags |
[   18.420313] cloud-init[941]: ci-info: +-------+-------------+----------+-----------------+-----------+-------+
[   18.429518] cloud-init[941]: ci-info: |   0   |   0.0.0.0   | 10.0.2.2 |     0.0.0.0     |   enp0s3  |   UG  |
[   18.433611] cloud-init[941]: ci-info: |   1   |   10.0.2.0  | 0.0.0.0  |  255.255.255.0  |   enp0s3  |   U   |
[   18.436368] cloud-init[941]: ci-info: |   2   |   10.0.2.2  | 0.0.0.0  | 255.255.255.255 |   enp0s3  |   UH  |
[   18.439006] cloud-init[941]: ci-info: +-------+-------------+----------+-----------------+-----------+-------+
[   18.441812] cloud-init[941]: ci-info: +++++++++++++++++++Route IPv6 info+++++++++++++++++++
[   18.444929] cloud-init[941]: ci-info: +-------+-------------+---------+-----------+-------+
[   18.450367] cloud-init[941]: ci-info: | Route | Destination | Gateway | Interface | Flags |
[   18.455229] cloud-init[941]: ci-info: +-------+-------------+---------+-----------+-------+
[   18.459592] cloud-init[941]: ci-info: |   1   |  fe80::/64  |    ::   |   enp0s3  |   U   |
[   18.465790] cloud-init[941]: ci-info: |   3   |    local    |    ::   |   enp0s3  |   U   |
[   18.468163] cloud-init[941]: ci-info: |   4   |   ff00::/8  |    ::   |   enp0s3  |   U   |
[   18.470498] cloud-init[941]: ci-info: +-------+-------------+---------+-----------+-------+
[   19.655018] cloud-init[941]: Generating public/private rsa key pair.
[   19.669570] cloud-init[941]: Your identification has been saved in /etc/ssh/ssh_host_rsa_key.
[   19.687132] cloud-init[941]: Your public key has been saved in /etc/ssh/ssh_host_rsa_key.pub.
[   19.700218] cloud-init[941]: The key fingerprint is:
[   19.703501] cloud-init[941]: SHA256:EqlJih4AmqenaIu//85vhwjzbhdOPbfsCNup3/UWYis root@ubuntu-bionic
[   19.724320] cloud-init[941]: The key's randomart image is:
[   19.736297] cloud-init[941]: +---[RSA 2048]----+
[   19.748359] cloud-init[941]: |.                |
[   19.760257] cloud-init[941]: |o.     .         |
[   19.772393] cloud-init[941]: |+ . . o          |
[   19.784980] cloud-init[941]: |.+ o o .         |
[   19.788220] cloud-init[941]: |o.o o . S.       |
[   19.789521] cloud-init[941]: |oo. o  .o o .o . |
[   19.800346] cloud-init[941]: |oo   + +.o +..+ .|
[   19.815161] cloud-init[941]: |o .  .+ =+.Eoo ..|
[   19.816642] cloud-init[941]: |.ooo.==+++=.+  ..|
[   19.819409] cloud-init[941]: +----[SHA256]-----+
[[0;32m  OK  [0m] Started Initial cloud-init job (metadata service crawler).
[[0;32m  OK  [0m] Reached target Cloud-config availability.
[[0;32m  OK  [0m] Reached target System Initialization.
[[0;32m  OK  [0m] Started Message of the Day.
[[0;32m  OK  [0m] Listening on D-Bus System Message Bus Socket.
[[0;32m  OK  [0m] Started Daily Cleanup of Temporary Directories.
[[0;32m  OK  [0m] Started ACPI Events Check.
[[0;32m  OK  [0m] Listening on UUID daemon activation socket.
[[0;32m  OK  [0m] Listening on cloud-init hotplug hook socket.
[[0;32m  OK  [0m] Started Discard unused blocks once a week.
[[0;32m  OK  [0m] Reached target Paths.
[[0;32m  OK  [0m] Started Daily apt download activities.
[[0;32m  OK  [0m] Started Daily apt upgrade and clean activities.
         Starting LXD - unix socket.
[[0;32m  OK  [0m] Listening on Open-iSCSI iscsid Socket.
[[0;32m  OK  [0m] Listening on ACPID Listen Socket.
         Starting Socket activation for snappy daemon.
[[0;32m  OK  [0m] Started Ubuntu Advantage Timer for running repeated jobs.
[[0;32m  OK  [0m] Reached target Timers.
[[0;32m  OK  [0m] Reached target Network is Online.
[[0;32m  OK  [0m] Reached target Remote File Systems (Pre).
[[   19.827831] cloud-init[941]: Generating public/private dsa key pair.
[   19.925667] cloud-init[941]: Your identification has been saved in /etc/ssh/ssh_host_dsa_key.
[   19.925826] cloud-init[941]: Your public key has been saved in /etc/ssh/ssh_host_dsa_key.pub.
[   19.925935] cloud-init[941]: The key fingerprint is:
[   19.926020] cloud-init[941]: SHA256:WAinJsbi5YA+gvcrfWCMunDMk4c8B1UGPrUAzJly5CA root@ubuntu-bionic
[   19.926118] cloud-init[941]: The key's randomart image is:
[   19.934547] cloud-init[941]: +---[DSA 1024]----+
[   19.934790] cloud-init[941]: |E+o++.=          |
[   19.935010] cloud-init[941]: |++*. O o         |
[   19.935091] cloud-init[941]: |o+=.* o .        |
[   19.935161] cloud-init[941]: |+o++ . o         |
[   19.935341] cloud-init[941]: |o+o+  . S        |
[   19.935427] cloud-init[941]: |.=o=+            |
[   19.935498] cloud-init[941]: |..Xo+.           |
[   19.935716] cloud-init[941]: |o..=...          |
[   19.935798] cloud-init[941]: |.. ...           |
[   19.935876] cloud-init[941]: +----[SHA256]-----+
[   19.936080] cloud-init[941]: Generating public/private ecdsa key pair.
[   19.936151] cloud-init[941]: Your identification has been saved in /etc/ssh/ssh_host_ecdsa_key.
[   19.936498] cloud-init[941]: Your public key has been saved in /etc/ssh/ssh_host_ecdsa_key.pub.
[   19.936604] cloud-init[941]: The key fingerprint is:
[   19.936669] cloud-init[941]: SHA256:qr0uGdvJ5PenixsLf1u018pQ5Zj1IDkDNvwgHKNenZw root@ubuntu-bionic
[   19.936750] cloud-init[941]: The key's randomart image is:
[0;32m  OK  [0m] Reached target Remote File Systems.
         Starting Availability of block devices...
[[0;32m  OK  [0m] Listening on LXD - unix socket.
[[0;32m  OK  [0m] Listening on Socket activation for snappy daemon.
[[0;32m  OK  [0m] Reached target Sockets.
[[0;32m  OK  [0m] Reached target Basic System.
[   20.160628] cloud-init[941]: [[0;32m  OK  [0m] Started irqbalance daemon.
         Starting Dispatcher daemon for systemd-networkd...
         Starting Accounts Service...
[[0;32m  OK  [0m] Started D-Bus System Message Bus.
+---[ECDSA 256]---+
[   20.237043] cloud-init[941]: |       .oo+      |
[   20.237887] cloud-init[941]: |       .o=o= .   |
[   20.254148] cloud-init[941]: |      . ..Eo= . o|
[   20.270229] cloud-init[941]: |     . .    .+ B.|
[   20.288783] cloud-init[941]: |      . S   . + o|
[   20.293081] cloud-init[941]: |    . ..   . o . |
[   20.294993] cloud-init[941]: |     Oo..   + . .|
[   20.297246] cloud-init[941]: |    +o=o.+...+ . |
[   20.298435] cloud-init[941]: |    .o+o=+==  o  |
[   20.299903] cloud-init[941]: +----[SHA256]-----+
[   20.301620] cloud-init[941]: Generating public/private ed25519 key pair.
[   20.304115] cloud-init[941]: Your identification has been saved in /etc/ssh/ssh_host_ed25519_key.
[   20.330841] cloud-init[941]: Your public key has been saved in /etc/ssh/ssh_host_ed25519_key.pub.
[   20.357650] cloud-init[941]: The key fingerprint is:
[   20.372405] cloud-init[941]: SHA256:NE+pk/rcf+nB2t9ihKV2fVNK1AeleHkS/gPH2uMdu8k root@ubuntu-bionic
[   20.377963] cloud-init[941]: The key's randomart image is:
[   20.384863] cloud-init[941]: +--[ED25519 256]--+
[   20.388185] cloud-init[941]: |              o+.|
[   20.391176] cloud-init[941]: |           . oo+o|
[   20.394724] cloud-init[941]: |        o o .o*oo|
[   20.397652] cloud-init[941]: |       . *   .B+.|
[   20.401799] cloud-init[941]: |        S .  * Bo|
[   20.408011] cloud-init[941]: |       . .  +.=.O|
[   20.410625] cloud-init[941]: |      .    . oo++|
[   20.433553] cloud-init[941]: |       o .   o*.+|
[   20.442909] cloud-init[941]: |        o ..o+oEo|
[   20.448513] cloud-init[941]: +----[SHA256]-----+
         Starting Login Service...
         Starting Permit User Sessions...
[[0;32m  OK  [0m] Reached target Login Prompts (Pre).
         Starting Pollinate to seed the pseudo random number generator...
[[0;32m  OK  [0m] Started Deferred execution scheduler.
         Starting Virtualbox guest utils...
[[0;32m  OK  [0m] Started Regular background program processing daemon.
         Starting System Logging Service...
         Starting LSB: automatic crash report generation...
[[0;32m  OK  [0m] Started FUSE filesystem for LXC.
         Starting Snap Daemon...
         Starting LSB: Record successful boot for GRUB...
         Starting LXD - container startup/shutdown...
[[0;32m  OK  [0m] Started System Logging Service.
[[0;32m  OK  [0m] Started Availability of block devices.
[[0;32m  OK  [0m] Started Permit User Sessions.
[[0;32m  OK  [0m] Started Login Service.
[[0;32m  OK  [0m] Started Unattended Upgrades Shutdown.
         Starting Authorization Manager...
         Starting Hold until boot process finishes up...
         Starting Terminate Plymouth Boot Screen...
[[0;32m  OK  [0m] Started Hold until boot process finishes up.
         Starting Set console scheme...
[[0;32m  OK  [0m] Started Serial Getty on ttyS0.
[[0;32m  OK  [0m] Started Terminate Plymouth Boot Screen.
[[0;32m  OK  [0m] Started LSB: automatic crash report generation.
[[0;32m  OK  [0m] Started Set console scheme.
[[0;32m  OK  [0m] Created slice system-getty.slice.
[[0;32m  OK  [0m] Started Getty on tty1.
[[0;32m  OK  [0m] Reached target Login Prompts.
[[0;32m  OK  [0m] Started Authorization Manager.
[[0;32m  OK  [0m] Started LSB: Record successful boot for GRUB.
[[0;32m  OK  [0m] Started Accounts Service.
[[0;32m  OK  [0m] Started Virtualbox guest utils.
[[0;32m  OK  [0m] Started LXD - container startup/shutdown.
[[0;32m  OK  [0m] Started Dispatcher daemon for systemd-networkd.
[[0;32m  OK  [0m] Started Snap Daemon.
         Starting Wait until snapd is fully seeded...
[[0;32m  OK  [0m] Started Pollinate to seed the pseudo random number generator.
         Starting OpenBSD Secure Shell server...
[[0;32m  OK  [0m] Started OpenBSD Secure Shell server.
[[0;32m  OK  [0m] Created slice User Slice of vagrant.
         Starting User Manager for UID 1000...
[[0;32m  OK  [0m] Started Session 1 of user vagrant.
[[0;32m  OK  [0m] Started User Manager for UID 1000.
         Starting Time & Date Service...
[[0;32m  OK  [0m] Started Time & Date Service.
[[0;32m  OK  [0m] Started Wait until snapd is fully seeded.
         Starting Apply the settings specified in cloud-config...

Ubuntu 18.04.6 LTS ubuntu-bionic ttyS0

ubuntu-bionic login: [   28.496721] cloud-init[1458]: Cloud-init v. 23.1.2-0ubuntu0~18.04.1 running 'modules:config' at Sat, 26 Aug 2023 10:34:36 +0000. Up 26.44 seconds.
ci-info: no authorized SSH keys fingerprints found for user ubuntu.
<14>Aug 26 10:34:41 cloud-init: #############################################################
<14>Aug 26 10:34:41 cloud-init: -----BEGIN SSH HOST KEY FINGERPRINTS-----
<14>Aug 26 10:34:41 cloud-init: 1024 SHA256:WAinJsbi5YA+gvcrfWCMunDMk4c8B1UGPrUAzJly5CA root@ubuntu-bionic (DSA)
<14>Aug 26 10:34:41 cloud-init: 256 SHA256:qr0uGdvJ5PenixsLf1u018pQ5Zj1IDkDNvwgHKNenZw root@ubuntu-bionic (ECDSA)
<14>Aug 26 10:34:41 cloud-init: 256 SHA256:NE+pk/rcf+nB2t9ihKV2fVNK1AeleHkS/gPH2uMdu8k root@ubuntu-bionic (ED25519)
<14>Aug 26 10:34:41 cloud-init: 2048 SHA256:EqlJih4AmqenaIu//85vhwjzbhdOPbfsCNup3/UWYis root@ubuntu-bionic (RSA)
<14>Aug 26 10:34:41 cloud-init: -----END SSH HOST KEY FINGERPRINTS-----
<14>Aug 26 10:34:41 cloud-init: #############################################################
-----BEGIN SSH HOST KEY KEYS-----
ecdsa-sha2-nistp256 AAAAE2VjZHNhLXNoYTItbmlzdHAyNTYAAAAIbmlzdHAyNTYAAABBBOVDzvW5Bb6BigUDs+/aXR2CC5ZLKLX+NJQZEkikCmAcIimJ0XeS6X7M4/ZLzmBrXOpgi7GQ5QXJknZUuylnvfI= root@ubuntu-bionic
ssh-ed25519 AAAAC3NzaC1lZDI1NTE5AAAAIMdyUD5+OrD1wF7AHhpgIMOq3p2Oklth9VTWYgAnI+bi root@ubuntu-bionic
ssh-rsa AAAAB3NzaC1yc2EAAAADAQABAAABAQDU+wXHvKYLzR0UW8xuHTQemAynLGn9R6HQQ58RfrDi+BVr/vnA0gBFEnqkxS2kdPR6DCp9RxWZ65l7WFlU1UEXzdcaNId/zoxyhehYCvQXIsEb+HW/0C/Br2zp65k+CwEKfkjg5ajRP7dpqZ0Ow8iPHPWv9jP7FZ1pkB2fIjfGczfqJ29L/dcukDE9o2phiVm4lPLnhI20HXhf7VSFRscIzRPnZMLPevMm4AJmZ1Luy4fGHf//tp8TZ9RvQtPxJwD6EuThnsb4VM0DvmhUYqctpz4hm4G51qFfu1T02atBk1Ix7iS5o7UGW5VEVj51FeeyqIZFk3v1wBL5Y+p60Qvd root@ubuntu-bionic
-----END SSH HOST KEY KEYS-----
[   30.839551] cloud-init[1588]: Cloud-init v. 23.1.2-0ubuntu0~18.04.1 running 'modules:final' at Sat, 26 Aug 2023 10:34:40 +0000. Up 30.38 seconds.
[   30.840287] cloud-init[1588]: Cloud-init v. 23.1.2-0ubuntu0~18.04.1 finished at Sat, 26 Aug 2023 10:34:41 +0000. Datasource DataSourceNoCloud [seed=/dev/sdb][dsmode=net].  Up 30.81 seconds
